{"level":"info","message":"app running on port: 8080"}
{"level":"info","message":"app running on port: 8080"}
{"level":"info","message":"app running on port: 8080"}
{"level":"info","message":"app running on port: 8080"}
{"level":"info","message":"app running on port: 8080"}
{"level":"info","message":"app running on port: 8080"}
{"level":"info","message":"app running on port: 8080"}
{"level":"info","message":"app running on port: 8080"}
{"level":"info","message":"app running on port: 8080"}
{"level":"info","message":"app running on port: 8080"}
{"level":"info","message":"app running on port: 8080"}
{"level":"info","message":"/Users/k1/repos/express/todo/src"}
{"level":"info","message":"/Users/k1/repos/express/todo/src"}
{"level":"info","message":"/Users/k1/repos/express/todo/src"}
{"level":"info","message":"/Users/k1/repos/express/todo/src"}
{"level":"info","message":"/Users/k1/repos/express/todo/src"}
{"level":"info","message":"/Users/k1/repos/express/todo/src"}
{"level":"info","message":"/Users/k1/repos/express/todo/src"}
{"level":"info","message":"/Users/k1/repos/express/todo/src"}
{"level":"info","message":"logged"}
{"level":"info","message":"[object Object]"}
{"level":"info","message":"/robots.txt"}
